Linux Kernel                          total |       text       data        bss
--------------------------------------------------------------------------------
vmlinux                            13090383 |    8977775    3670240     442368
--------------------------------------------------------------------------------
drivers/built-in.a                  3078069 |    2858095     182475      37499
net/built-in.a                      1770117 |    1672663      74378      23076
kernel/built-in.a                   1357046 |     662198     536974     157874
arch/x86/built-in.a                 1192722 |     525632     583544      83546
fs/built-in.a                        541574 |     513777      12484      15313
crypto/built-in.a                    454985 |     425275      20510       9200
mm/built-in.a                        376915 |     337225      31474       8216
lib/built-in.a                       214026 |     208778       5176         72
block/built-in.a                     137297 |     128591       6033       2673
ipc/built-in.a                        45122 |      42790       2320         12
init/built-in.a                       38461 |      21489      16811        161
security/built-in.a                   38316 |      36208       2028         80
certs/built-in.a                        892 |        860         24          8
usr/built-in.a                          568 |        568          0          0
--------------------------------------------------------------------------------
sum                                 9246110 |    7434149    1474231     337730
delta                               3844273 |    1543626    2196009     104638


drivers                               total |       text       data        bss
--------------------------------------------------------------------------------
drivers/built-in.a                  3078069 |    2858095     182475      37499
--------------------------------------------------------------------------------
drivers/net/built-in.a               359933 |     350031       8478       1424
drivers/acpi/built-in.a              349541 |     327949      18744       2848
drivers/usb/built-in.a               325999 |     314230       9253       2516
drivers/gpu/built-in.a               259746 |     252869       6797         80
drivers/tty/built-in.a               230141 |     193926      27135       9080
drivers/ata/built-in.a               169717 |     158123       9457       2137
drivers/mmc/built-in.a               153901 |     149036       4857          8
drivers/hid/built-in.a               146928 |     144298       2570         60
drivers/base/built-in.a              142954 |     130700      11780        474
drivers/pci/built-in.a               140642 |     132979       7557        106
drivers/scsi/built-in.a               93408 |      82160      10534        714
drivers/video/built-in.a              90873 |      79384       3083       8406
drivers/input/built-in.a              75489 |      71943       3504         42
drivers/nvme/built-in.a               68134 |      64854       3231         49
drivers/char/built-in.a               53667 |      49117       3210       1340
drivers/cpufreq/built-in.a            51506 |      45570       5788        148
drivers/clk/built-in.a                39836 |      37911       1841         84
drivers/i2c/built-in.a                37238 |      35426       1784         28
drivers/iommu/built-in.a              33193 |      31874       1251         68
drivers/firmware/built-in.a           28278 |      20022       3723       4533
drivers/pnp/built-in.a                27823 |      25614       2197         12
drivers/idle/built-in.a               24995 |       7575      17396         24
drivers/thermal/built-in.a            23500 |      20571       2861         68
drivers/power/built-in.a              20658 |      12842       7200        616
drivers/cdrom/built-in.a              19193 |      17615        523       1055
drivers/dma-buf/built-in.a            19177 |      18397        696         84
drivers/rtc/built-in.a                15667 |      14802        728        137
drivers/leds/built-in.a               10880 |      10040        840          0
drivers/cpuidle/built-in.a            10698 |       8814       1832         52
drivers/nvmem/built-in.a               9919 |       9015        904          0
drivers/pinctrl/built-in.a             8623 |       8110        512          1
drivers/block/built-in.a               3185 |       3109         76          0
drivers/connector/built-in.a           2662 |       2550         48         64
drivers/platform/built-in.a            1323 |        699         16        608
drivers/clocksource/built-in.a          684 |        415        265          4
--------------------------------------------------------------------------------
sum                                 3050111 |    2832570     180671      36870
delta                                 27958 |      25525       1804        629


net                                   total |       text       data        bss
--------------------------------------------------------------------------------
net/built-in.a                      1770117 |    1672663      74378      23076
--------------------------------------------------------------------------------
net/ipv4/built-in.a                  465811 |     430600      27059       8152
net/core/built-in.a                  403241 |     377609      21198       4434
net/bluetooth/built-in.a             298547 |     295254       3048        245
net/ipv6/built-in.a                  283695 |     261988      14747       6960
net/devlink/built-in.a               157981 |     156381       1568         32
net/netlink/built-in.a                31508 |      30047       1441         20
net/ethtool/built-in.a                30465 |      30263        193          9
net/packet/built-in.a                 27006 |      26338        666          2
net/unix/built-in.a                   26354 |      22088       1160       3106
net/*.o                               23526 |      22345       1097         84
net/sched/built-in.a                  13461 |      11669       1792          0
net/wireless/built-in.a                5747 |       5530        185         32
net/ethernet/built-in.a                2775 |       2551        224          0
--------------------------------------------------------------------------------
sum                                 1770117 |    1672663      74378      23076
delta                                     0 |          0          0          0


kernel                                total |       text       data        bss
--------------------------------------------------------------------------------
kernel/built-in.a                   1357046 |     662198     536974     157874
--------------------------------------------------------------------------------
kernel/printk/built-in.a             621847 |      25260     461959     134628
kernel/*.o                           239955 |     200784      27033      12138
kernel/time/built-in.a               107227 |      79883      21508       5836
kernel/sched/built-in.a              106621 |      93298      11115       2208
kernel/events/built-in.a              70427 |      66398       3669        360
kernel/rcu/built-in.a                 58413 |      52297       6010        106
kernel/irq/built-in.a                 50947 |      48193       2638        116
kernel/module/built-in.a              28173 |      24629       1344       2200
kernel/bpf/built-in.a                 18723 |      18418        177        128
kernel/locking/built-in.a             18276 |      17572        700          4
kernel/futex/built-in.a               16123 |      16051         64          8
kernel/dma/built-in.a                 15252 |      14709        421        122
kernel/power/built-in.a                3306 |       2950        336         20
kernel/entry/built-in.a                1756 |       1756          0          0
--------------------------------------------------------------------------------
sum                                 1357046 |     662198     536974     157874
delta                                     0 |          0          0          0


arch/x86                              total |       text       data        bss
--------------------------------------------------------------------------------
arch/x86/built-in.a                 1192722 |     525632     583544      83546
--------------------------------------------------------------------------------
arch/x86/kernel/built-in.a           828862 |     328647     448828      51387
arch/x86/events/built-in.a           175651 |     111800      62745       1106
arch/x86/mm/built-in.a               110716 |      41700      38108      30908
arch/x86/entry/built-in.a             41574 |      29101      12473          0
arch/x86/pci/built-in.a               25467 |      23937       1190        340
arch/x86/realmode/built-in.a          21542 |        858      20660         24
arch/x86/platform/built-in.a          14377 |      13526        730        121
arch/x86/lib/built-in.a                3044 |       2876        168          0
arch/x86/video/built-in.a               238 |        222         16          0
--------------------------------------------------------------------------------
sum                                 1221471 |     552667     584918      83886
delta                                -28749 |     -27035      -1374       -340


fs                                    total |       text       data        bss
--------------------------------------------------------------------------------
fs/built-in.a                        541574 |     513777      12484      15313
--------------------------------------------------------------------------------
fs/*.o                               317746 |     298217       8969      10560
fs/proc/built-in.a                    78586 |      77414        964        208
fs/fat/built-in.a                     49591 |      49177        362         52
fs/kernfs/built-in.a                  22593 |      18308        137       4148
fs/iomap/built-in.a                   18914 |      18370        296        248
fs/notify/built-in.a                  15614 |      15005        544         65
fs/nls/built-in.a                     14247 |      13915        328          4
fs/sysfs/built-in.a                    9534 |       9146        368         20
fs/efivarfs/built-in.a                 8850 |       8698        152          0
fs/devpts/built-in.a                   3419 |       3127        284          8
fs/ramfs/built-in.a                    2480 |       2400         80          0
--------------------------------------------------------------------------------
sum                                  541574 |     513777      12484      15313
delta                                     0 |          0          0          0


crypto                                total |       text       data        bss
--------------------------------------------------------------------------------
crypto/built-in.a                    454985 |     425275      20510       9200
--------------------------------------------------------------------------------
crypto/*.o                           510183 |     461545      39439       9199
crypto/asymmetric_keys/built-in.a      21679 |      21022        632         25
--------------------------------------------------------------------------------
sum                                  531862 |     482567      40071       9224
delta                                -76877 |     -57292     -19561        -24


lib                                   total |       text       data        bss
--------------------------------------------------------------------------------
lib/built-in.a                       214026 |     208778       5176         72
--------------------------------------------------------------------------------
lib/*.o                              225607 |     217073       8310        224
lib/crypto/built-in.a                 72496 |      71384       1064         48
lib/zlib_inflate/built-in.a           10436 |      10380         56          0
lib/fonts/built-in.a                   6951 |       6927         24          0
lib/math/built-in.a                    2075 |       1987         88          0
--------------------------------------------------------------------------------
sum                                  317565 |     307751       9542        272
delta                               -103539 |     -98973      -4366       -200


block                                 total |       text       data        bss
--------------------------------------------------------------------------------
block/built-in.a                     137297 |     128591       6033       2673
--------------------------------------------------------------------------------
block/*.o                            127914 |     119628       5617       2669
block/partitions/built-in.a            9383 |       8963        416          4
--------------------------------------------------------------------------------
sum                                  137297 |     128591       6033       2673
delta                                     0 |          0          0          0


security                              total |       text       data        bss
--------------------------------------------------------------------------------
security/built-in.a                   38316 |      36208       2028         80
--------------------------------------------------------------------------------
security/keys/built-in.a              35085 |      33001       2012         72
security/*.o                           3231 |       3207         16          8
--------------------------------------------------------------------------------
sum                                   38316 |      36208       2028         80
delta                                     0 |          0          0          0


